Mon May  5 12:43:13 2025 -> +++ Started at Mon May  5 12:43:13 2025
Mon May  5 12:43:13 2025 -> Received 0 file descriptor(s) from systemd.
Mon May  5 12:43:13 2025 -> clamd daemon 1.0.7 (OS: Linux, ARCH: x86_64, CPU: x86_64)
Mon May  5 12:43:13 2025 -> Log file size limited to 4294967295 bytes.
Mon May  5 12:43:13 2025 -> Reading databases from /var/lib/clamav
Mon May  5 12:43:13 2025 -> Not loading PUA signatures.
Mon May  5 12:43:13 2025 -> Bytecode: Security mode set to "TrustSigned".
Mon May  5 12:43:32 2025 -> Loaded 8704895 signatures.
Mon May  5 12:43:39 2025 -> LOCAL: Unix socket file /var/run/clamav/clamd.ctl
Mon May  5 12:43:39 2025 -> LOCAL: Setting connection queue length to 15
Mon May  5 12:43:39 2025 -> Limits: Global time limit set to 120000 milliseconds.
Mon May  5 12:43:39 2025 -> Limits: Global size limit set to 104857600 bytes.
Mon May  5 12:43:39 2025 -> Limits: File size limit set to 26214400 bytes.
Mon May  5 12:43:39 2025 -> Limits: Recursion level limit set to 16.
Mon May  5 12:43:39 2025 -> Limits: Files limit set to 10000.
Mon May  5 12:43:39 2025 -> Limits: MaxEmbeddedPE limit set to 10485760 bytes.
Mon May  5 12:43:39 2025 -> Limits: MaxHTMLNormalize limit set to 10485760 bytes.
Mon May  5 12:43:39 2025 -> Limits: MaxHTMLNoTags limit set to 2097152 bytes.
Mon May  5 12:43:39 2025 -> Limits: MaxScriptNormalize limit set to 5242880 bytes.
Mon May  5 12:43:39 2025 -> Limits: MaxZipTypeRcg limit set to 1048576 bytes.
Mon May  5 12:43:39 2025 -> Limits: MaxPartitions limit set to 50.
Mon May  5 12:43:39 2025 -> Limits: MaxIconsPE limit set to 100.
Mon May  5 12:43:39 2025 -> Limits: MaxRecHWP3 limit set to 16.
Mon May  5 12:43:39 2025 -> Limits: PCREMatchLimit limit set to 10000.
Mon May  5 12:43:39 2025 -> Limits: PCRERecMatchLimit limit set to 5000.
Mon May  5 12:43:39 2025 -> Limits: PCREMaxFileSize limit set to 26214400.
Mon May  5 12:43:39 2025 -> Archive support enabled.
Mon May  5 12:43:39 2025 -> AlertExceedsMax heuristic detection disabled.
Mon May  5 12:43:39 2025 -> Heuristic alerts enabled.
Mon May  5 12:43:39 2025 -> Portable Executable support enabled.
Mon May  5 12:43:39 2025 -> ELF support enabled.
Mon May  5 12:43:39 2025 -> Mail files support enabled.
Mon May  5 12:43:39 2025 -> OLE2 support enabled.
Mon May  5 12:43:39 2025 -> PDF support enabled.
Mon May  5 12:43:39 2025 -> SWF support enabled.
Mon May  5 12:43:39 2025 -> HTML support enabled.
Mon May  5 12:43:39 2025 -> XMLDOCS support enabled.
Mon May  5 12:43:39 2025 -> HWP3 support enabled.
Mon May  5 12:43:39 2025 -> Self checking every 3600 seconds.
Mon May  5 13:29:34 2025 -> +++ Started at Mon May  5 13:29:34 2025
Mon May  5 13:29:34 2025 -> Received 0 file descriptor(s) from systemd.
Mon May  5 13:29:34 2025 -> clamd daemon 1.0.7 (OS: Linux, ARCH: x86_64, CPU: x86_64)
Mon May  5 13:29:34 2025 -> Log file size limited to 4294967295 bytes.
Mon May  5 13:29:34 2025 -> Reading databases from /var/lib/clamav
Mon May  5 13:29:34 2025 -> Not loading PUA signatures.
Mon May  5 13:29:34 2025 -> Bytecode: Security mode set to "TrustSigned".
Mon May  5 13:30:03 2025 -> Loaded 8704895 signatures.
Mon May  5 13:30:12 2025 -> LOCAL: Removing stale socket file /var/run/clamav/clamd.ctl
Mon May  5 13:30:12 2025 -> LOCAL: Unix socket file /var/run/clamav/clamd.ctl
Mon May  5 13:30:12 2025 -> LOCAL: Setting connection queue length to 15
Mon May  5 13:30:12 2025 -> Limits: Global time limit set to 120000 milliseconds.
Mon May  5 13:30:12 2025 -> Limits: Global size limit set to 104857600 bytes.
Mon May  5 13:30:12 2025 -> Limits: File size limit set to 26214400 bytes.
Mon May  5 13:30:12 2025 -> Limits: Recursion level limit set to 16.
Mon May  5 13:30:12 2025 -> Limits: Files limit set to 10000.
Mon May  5 13:30:12 2025 -> Limits: MaxEmbeddedPE limit set to 10485760 bytes.
Mon May  5 13:30:12 2025 -> Limits: MaxHTMLNormalize limit set to 10485760 bytes.
Mon May  5 13:30:12 2025 -> Limits: MaxHTMLNoTags limit set to 2097152 bytes.
Mon May  5 13:30:12 2025 -> Limits: MaxScriptNormalize limit set to 5242880 bytes.
Mon May  5 13:30:12 2025 -> Limits: MaxZipTypeRcg limit set to 1048576 bytes.
Mon May  5 13:30:12 2025 -> Limits: MaxPartitions limit set to 50.
Mon May  5 13:30:12 2025 -> Limits: MaxIconsPE limit set to 100.
Mon May  5 13:30:12 2025 -> Limits: MaxRecHWP3 limit set to 16.
Mon May  5 13:30:12 2025 -> Limits: PCREMatchLimit limit set to 10000.
Mon May  5 13:30:12 2025 -> Limits: PCRERecMatchLimit limit set to 5000.
Mon May  5 13:30:12 2025 -> Limits: PCREMaxFileSize limit set to 26214400.
Mon May  5 13:30:12 2025 -> Archive support enabled.
Mon May  5 13:30:12 2025 -> AlertExceedsMax heuristic detection disabled.
Mon May  5 13:30:12 2025 -> Heuristic alerts enabled.
Mon May  5 13:30:12 2025 -> Portable Executable support enabled.
Mon May  5 13:30:12 2025 -> ELF support enabled.
Mon May  5 13:30:12 2025 -> Mail files support enabled.
Mon May  5 13:30:12 2025 -> OLE2 support enabled.
Mon May  5 13:30:12 2025 -> PDF support enabled.
Mon May  5 13:30:12 2025 -> SWF support enabled.
Mon May  5 13:30:12 2025 -> HTML support enabled.
Mon May  5 13:30:12 2025 -> XMLDOCS support enabled.
Mon May  5 13:30:12 2025 -> HWP3 support enabled.
Mon May  5 13:30:12 2025 -> Self checking every 3600 seconds.
Mon May  5 13:35:54 2025 -> +++ Started at Mon May  5 13:35:54 2025
Mon May  5 13:35:54 2025 -> Received 0 file descriptor(s) from systemd.
Mon May  5 13:35:54 2025 -> clamd daemon 1.0.7 (OS: Linux, ARCH: x86_64, CPU: x86_64)
Mon May  5 13:35:54 2025 -> Log file size limited to 4294967295 bytes.
Mon May  5 13:35:54 2025 -> Reading databases from /var/lib/clamav
Mon May  5 13:35:54 2025 -> Not loading PUA signatures.
Mon May  5 13:35:54 2025 -> Bytecode: Security mode set to "TrustSigned".
Mon May  5 13:36:23 2025 -> Loaded 8704895 signatures.
Mon May  5 13:36:32 2025 -> LOCAL: Removing stale socket file /var/run/clamav/clamd.ctl
Mon May  5 13:36:32 2025 -> LOCAL: Unix socket file /var/run/clamav/clamd.ctl
Mon May  5 13:36:32 2025 -> LOCAL: Setting connection queue length to 15
Mon May  5 13:36:32 2025 -> Limits: Global time limit set to 120000 milliseconds.
Mon May  5 13:36:32 2025 -> Limits: Global size limit set to 104857600 bytes.
Mon May  5 13:36:32 2025 -> Limits: File size limit set to 26214400 bytes.
Mon May  5 13:36:32 2025 -> Limits: Recursion level limit set to 16.
Mon May  5 13:36:32 2025 -> Limits: Files limit set to 10000.
Mon May  5 13:36:32 2025 -> Limits: MaxEmbeddedPE limit set to 10485760 bytes.
Mon May  5 13:36:32 2025 -> Limits: MaxHTMLNormalize limit set to 10485760 bytes.
Mon May  5 13:36:32 2025 -> Limits: MaxHTMLNoTags limit set to 2097152 bytes.
Mon May  5 13:36:32 2025 -> Limits: MaxScriptNormalize limit set to 5242880 bytes.
Mon May  5 13:36:32 2025 -> Limits: MaxZipTypeRcg limit set to 1048576 bytes.
Mon May  5 13:36:32 2025 -> Limits: MaxPartitions limit set to 50.
Mon May  5 13:36:32 2025 -> Limits: MaxIconsPE limit set to 100.
Mon May  5 13:36:32 2025 -> Limits: MaxRecHWP3 limit set to 16.
Mon May  5 13:36:32 2025 -> Limits: PCREMatchLimit limit set to 10000.
Mon May  5 13:36:32 2025 -> Limits: PCRERecMatchLimit limit set to 5000.
Mon May  5 13:36:32 2025 -> Limits: PCREMaxFileSize limit set to 26214400.
Mon May  5 13:36:32 2025 -> Archive support enabled.
Mon May  5 13:36:32 2025 -> AlertExceedsMax heuristic detection disabled.
Mon May  5 13:36:32 2025 -> Heuristic alerts enabled.
Mon May  5 13:36:32 2025 -> Portable Executable support enabled.
Mon May  5 13:36:32 2025 -> ELF support enabled.
Mon May  5 13:36:32 2025 -> Mail files support enabled.
Mon May  5 13:36:32 2025 -> OLE2 support enabled.
Mon May  5 13:36:32 2025 -> PDF support enabled.
Mon May  5 13:36:32 2025 -> SWF support enabled.
Mon May  5 13:36:32 2025 -> HTML support enabled.
Mon May  5 13:36:32 2025 -> XMLDOCS support enabled.
Mon May  5 13:36:32 2025 -> HWP3 support enabled.
Mon May  5 13:36:32 2025 -> Self checking every 3600 seconds.
Mon May  5 13:43:30 2025 -> +++ Started at Mon May  5 13:43:30 2025
Mon May  5 13:43:30 2025 -> Received 0 file descriptor(s) from systemd.
Mon May  5 13:43:30 2025 -> clamd daemon 1.0.7 (OS: Linux, ARCH: x86_64, CPU: x86_64)
Mon May  5 13:43:30 2025 -> Log file size limited to 4294967295 bytes.
Mon May  5 13:43:30 2025 -> Reading databases from /var/lib/clamav
Mon May  5 13:43:30 2025 -> Not loading PUA signatures.
Mon May  5 13:43:30 2025 -> Bytecode: Security mode set to "TrustSigned".
Mon May  5 13:43:58 2025 -> Loaded 8704895 signatures.
Mon May  5 13:44:07 2025 -> LOCAL: Removing stale socket file /var/run/clamav/clamd.ctl
Mon May  5 13:44:07 2025 -> LOCAL: Unix socket file /var/run/clamav/clamd.ctl
Mon May  5 13:44:07 2025 -> LOCAL: Setting connection queue length to 15
Mon May  5 13:44:07 2025 -> Limits: Global time limit set to 120000 milliseconds.
Mon May  5 13:44:07 2025 -> Limits: Global size limit set to 104857600 bytes.
Mon May  5 13:44:07 2025 -> Limits: File size limit set to 26214400 bytes.
Mon May  5 13:44:07 2025 -> Limits: Recursion level limit set to 16.
Mon May  5 13:44:07 2025 -> Limits: Files limit set to 10000.
Mon May  5 13:44:07 2025 -> Limits: MaxEmbeddedPE limit set to 10485760 bytes.
Mon May  5 13:44:07 2025 -> Limits: MaxHTMLNormalize limit set to 10485760 bytes.
Mon May  5 13:44:07 2025 -> Limits: MaxHTMLNoTags limit set to 2097152 bytes.
Mon May  5 13:44:07 2025 -> Limits: MaxScriptNormalize limit set to 5242880 bytes.
Mon May  5 13:44:07 2025 -> Limits: MaxZipTypeRcg limit set to 1048576 bytes.
Mon May  5 13:44:07 2025 -> Limits: MaxPartitions limit set to 50.
Mon May  5 13:44:07 2025 -> Limits: MaxIconsPE limit set to 100.
Mon May  5 13:44:07 2025 -> Limits: MaxRecHWP3 limit set to 16.
Mon May  5 13:44:07 2025 -> Limits: PCREMatchLimit limit set to 10000.
Mon May  5 13:44:07 2025 -> Limits: PCRERecMatchLimit limit set to 5000.
Mon May  5 13:44:07 2025 -> Limits: PCREMaxFileSize limit set to 26214400.
Mon May  5 13:44:07 2025 -> Archive support enabled.
Mon May  5 13:44:07 2025 -> AlertExceedsMax heuristic detection disabled.
Mon May  5 13:44:07 2025 -> Heuristic alerts enabled.
Mon May  5 13:44:07 2025 -> Portable Executable support enabled.
Mon May  5 13:44:07 2025 -> ELF support enabled.
Mon May  5 13:44:07 2025 -> Mail files support enabled.
Mon May  5 13:44:07 2025 -> OLE2 support enabled.
Mon May  5 13:44:07 2025 -> PDF support enabled.
Mon May  5 13:44:07 2025 -> SWF support enabled.
Mon May  5 13:44:07 2025 -> HTML support enabled.
Mon May  5 13:44:07 2025 -> XMLDOCS support enabled.
Mon May  5 13:44:07 2025 -> HWP3 support enabled.
Mon May  5 13:44:07 2025 -> Self checking every 3600 seconds.
Mon May  5 13:45:33 2025 -> +++ Started at Mon May  5 13:45:33 2025
Mon May  5 13:45:33 2025 -> Received 0 file descriptor(s) from systemd.
Mon May  5 13:45:33 2025 -> clamd daemon 1.0.7 (OS: Linux, ARCH: x86_64, CPU: x86_64)
Mon May  5 13:45:33 2025 -> Log file size limited to 4294967295 bytes.
Mon May  5 13:45:33 2025 -> Reading databases from /var/lib/clamav
Mon May  5 13:45:33 2025 -> Not loading PUA signatures.
Mon May  5 13:45:33 2025 -> Bytecode: Security mode set to "TrustSigned".
Mon May  5 13:46:01 2025 -> Loaded 8704895 signatures.
Mon May  5 13:46:11 2025 -> LOCAL: Unix socket file /var/run/clamav/clamd.ctl
Mon May  5 13:46:11 2025 -> LOCAL: Setting connection queue length to 15
Mon May  5 13:46:11 2025 -> Limits: Global time limit set to 120000 milliseconds.
Mon May  5 13:46:11 2025 -> Limits: Global size limit set to 104857600 bytes.
Mon May  5 13:46:11 2025 -> Limits: File size limit set to 26214400 bytes.
Mon May  5 13:46:11 2025 -> Limits: Recursion level limit set to 16.
Mon May  5 13:46:11 2025 -> Limits: Files limit set to 10000.
Mon May  5 13:46:11 2025 -> Limits: MaxEmbeddedPE limit set to 10485760 bytes.
Mon May  5 13:46:11 2025 -> Limits: MaxHTMLNormalize limit set to 10485760 bytes.
Mon May  5 13:46:11 2025 -> Limits: MaxHTMLNoTags limit set to 2097152 bytes.
Mon May  5 13:46:11 2025 -> Limits: MaxScriptNormalize limit set to 5242880 bytes.
Mon May  5 13:46:11 2025 -> Limits: MaxZipTypeRcg limit set to 1048576 bytes.
Mon May  5 13:46:11 2025 -> Limits: MaxPartitions limit set to 50.
Mon May  5 13:46:11 2025 -> Limits: MaxIconsPE limit set to 100.
Mon May  5 13:46:11 2025 -> Limits: MaxRecHWP3 limit set to 16.
Mon May  5 13:46:11 2025 -> Limits: PCREMatchLimit limit set to 10000.
Mon May  5 13:46:11 2025 -> Limits: PCRERecMatchLimit limit set to 5000.
Mon May  5 13:46:11 2025 -> Limits: PCREMaxFileSize limit set to 26214400.
Mon May  5 13:46:11 2025 -> Archive support enabled.
Mon May  5 13:46:11 2025 -> AlertExceedsMax heuristic detection disabled.
Mon May  5 13:46:11 2025 -> Heuristic alerts enabled.
Mon May  5 13:46:11 2025 -> Portable Executable support enabled.
Mon May  5 13:46:11 2025 -> ELF support enabled.
Mon May  5 13:46:11 2025 -> Mail files support enabled.
Mon May  5 13:46:11 2025 -> OLE2 support enabled.
Mon May  5 13:46:11 2025 -> PDF support enabled.
Mon May  5 13:46:11 2025 -> SWF support enabled.
Mon May  5 13:46:11 2025 -> HTML support enabled.
Mon May  5 13:46:11 2025 -> XMLDOCS support enabled.
Mon May  5 13:46:11 2025 -> HWP3 support enabled.
Mon May  5 13:46:11 2025 -> Self checking every 3600 seconds.
Mon May  5 13:48:32 2025 -> +++ Started at Mon May  5 13:48:32 2025
Mon May  5 13:48:32 2025 -> Received 0 file descriptor(s) from systemd.
Mon May  5 13:48:32 2025 -> clamd daemon 1.0.7 (OS: Linux, ARCH: x86_64, CPU: x86_64)
Mon May  5 13:48:32 2025 -> Log file size limited to 4294967295 bytes.
Mon May  5 13:48:32 2025 -> Reading databases from /var/lib/clamav
Mon May  5 13:48:32 2025 -> Not loading PUA signatures.
Mon May  5 13:48:32 2025 -> Bytecode: Security mode set to "TrustSigned".
Mon May  5 13:49:01 2025 -> Loaded 8704895 signatures.
Mon May  5 13:49:10 2025 -> LOCAL: Removing stale socket file /var/run/clamav/clamd.ctl
Mon May  5 13:49:10 2025 -> LOCAL: Unix socket file /var/run/clamav/clamd.ctl
Mon May  5 13:49:10 2025 -> LOCAL: Setting connection queue length to 15
Mon May  5 13:49:10 2025 -> Limits: Global time limit set to 120000 milliseconds.
Mon May  5 13:49:10 2025 -> Limits: Global size limit set to 104857600 bytes.
Mon May  5 13:49:10 2025 -> Limits: File size limit set to 26214400 bytes.
Mon May  5 13:49:10 2025 -> Limits: Recursion level limit set to 16.
Mon May  5 13:49:10 2025 -> Limits: Files limit set to 10000.
Mon May  5 13:49:10 2025 -> Limits: MaxEmbeddedPE limit set to 10485760 bytes.
Mon May  5 13:49:10 2025 -> Limits: MaxHTMLNormalize limit set to 10485760 bytes.
Mon May  5 13:49:10 2025 -> Limits: MaxHTMLNoTags limit set to 2097152 bytes.
Mon May  5 13:49:10 2025 -> Limits: MaxScriptNormalize limit set to 5242880 bytes.
Mon May  5 13:49:10 2025 -> Limits: MaxZipTypeRcg limit set to 1048576 bytes.
Mon May  5 13:49:10 2025 -> Limits: MaxPartitions limit set to 50.
Mon May  5 13:49:10 2025 -> Limits: MaxIconsPE limit set to 100.
Mon May  5 13:49:10 2025 -> Limits: MaxRecHWP3 limit set to 16.
Mon May  5 13:49:10 2025 -> Limits: PCREMatchLimit limit set to 10000.
Mon May  5 13:49:10 2025 -> Limits: PCRERecMatchLimit limit set to 5000.
Mon May  5 13:49:10 2025 -> Limits: PCREMaxFileSize limit set to 26214400.
Mon May  5 13:49:10 2025 -> Archive support enabled.
Mon May  5 13:49:10 2025 -> AlertExceedsMax heuristic detection disabled.
Mon May  5 13:49:10 2025 -> Heuristic alerts enabled.
Mon May  5 13:49:10 2025 -> Portable Executable support enabled.
Mon May  5 13:49:10 2025 -> ELF support enabled.
Mon May  5 13:49:10 2025 -> Mail files support enabled.
Mon May  5 13:49:10 2025 -> OLE2 support enabled.
Mon May  5 13:49:10 2025 -> PDF support enabled.
Mon May  5 13:49:10 2025 -> SWF support enabled.
Mon May  5 13:49:10 2025 -> HTML support enabled.
Mon May  5 13:49:10 2025 -> XMLDOCS support enabled.
Mon May  5 13:49:10 2025 -> HWP3 support enabled.
Mon May  5 13:49:10 2025 -> Self checking every 3600 seconds.
